#
# There is insufficient memory for the Java Runtime Environment to continue.
# Native memory allocation (mmap) failed to map 134217728 bytes for G1 virtual space
# Possible reasons:
#   The system is out of physical RAM or swap space
#   The process is running with CompressedOops enabled, and the Java Heap may be blocking the growth of the native heap
# Possible solutions:
#   Reduce memory load on the system
#   Increase physical memory or swap space
#   Check if swap backing store is full
#   Decrease Java heap size (-Xmx/-Xms)
#   Decrease number of Java threads
#   Decrease Java thread stack sizes (-Xss)
#   Set larger code cache with -XX:ReservedCodeCacheSize=
#   JVM is running with Unscaled Compressed Oops mode in which the Java heap is
#     placed in the first 4GB address space. The Java Heap base address is the
#     maximum limit for the native heap growth. Please use -XX:HeapBaseMinAddress
#     to set the Java Heap base and to place the Java Heap above 4GB virtual address.
# This output file may be truncated or incomplete.
#
#  Out of Memory Error (os_windows.cpp:3527), pid=20676, tid=15776
#
# JRE version:  (19.0.1+10) (build )
# Java VM: Java HotSpot(TM) 64-Bit Server VM (19.0.1+10-21, mixed mode, sharing, tiered, compressed oops, compressed class ptrs, g1 gc, windows-amd64)
# No core dump will be written. Minidumps are not enabled by default on client versions of Windows
#

---------------  S U M M A R Y ------------

Command Line: -Dfile.encoding=MS949 --module-path=C:\Users\user\git\ezen_web_2023\backend\bin -XX:+ShowCodeDetailsInExceptionMessages -Djdk.module.main=backend backend/과제.과제04_MVC이해.Start

Host: Intel(R) Core(TM) i5-7200U CPU @ 2.50GHz, 4 cores, 7G,  Windows 10 , 64 bit Build 19041 (10.0.19041.2364)
Time: Sun Feb 12 17:57:34 2023 Korea Standard Time elapsed time: 0.028958 seconds (0d 0h 0m 0s)

---------------  T H R E A D  ---------------

Current thread (0x0000027d301a8fe0):  JavaThread "Unknown thread" [_thread_in_vm, id=15776, stack(0x000000f695c00000,0x000000f695d00000)]

Stack: [0x000000f695c00000,0x000000f695d00000]
Native frames: (J=compiled Java code, j=interpreted, Vv=VM code, C=native code)
V  [jvm.dll+0x6ee8fa]
V  [jvm.dll+0x857a1e]
V  [jvm.dll+0x85940e]
V  [jvm.dll+0x859ac3]
V  [jvm.dll+0x28291f]
V  [jvm.dll+0x6eb6e9]
V  [jvm.dll+0x6e028a]
V  [jvm.dll+0x357136]
V  [jvm.dll+0x35eb96]
V  [jvm.dll+0x3b555e]
V  [jvm.dll+0x3b578f]
V  [jvm.dll+0x32c6ea]
V  [jvm.dll+0x32d59e]
V  [jvm.dll+0x821b20]
V  [jvm.dll+0x3c27c1]
V  [jvm.dll+0x8022f1]
V  [jvm.dll+0x44b30f]
V  [jvm.dll+0x44cc91]
C  [jli.dll+0x5287]
C  [ucrtbase.dll+0x21bb2]
C  [KERNEL32.DLL+0x17614]
C  [ntdll.dll+0x526a1]


---------------  P R O C E S S  ---------------

Threads class SMR info:
_java_thread_list=0x00007ffc2d48d048, length=0, elements={
}

Java Threads: ( => current thread )

Other Threads:
  0x0000027d30209d20 WorkerThread "GC Thread#0" [stack: 0x000000f695d00000,0x000000f695e00000] [id=17248]
  0x0000027d3021b300 ConcurrentGCThread "G1 Main Marker" [stack: 0x000000f695e00000,0x000000f695f00000] [id=12548]
  0x0000027d3021cd40 WorkerThread "G1 Conc#0" [stack: 0x000000f695f00000,0x000000f696000000] [id=10780]

[error occurred during error reporting (printing all threads), id 0xc0000005, EXCEPTION_ACCESS_VIOLATION (0xc0000005) at pc=0x00007ffc2cc4d127]

VM state: not at safepoint (not fully initialized)

VM Mutex/Monitor currently owned by a thread:  ([mutex/lock_event])
[0x0000027d301a4a70] Heap_lock - owner thread: 0x0000027d301a8fe0

Heap address: 0x0000000081600000, size: 2026 MB, Compressed Oops mode: 32-bit

CDS archive(s) mapped at: [0x0000000000000000-0x0000000000000000-0x0000000000000000), size 0, SharedBaseAddress: 0x0000000800000000, ArchiveRelocationMode: 0.
Narrow klass base: 0x0000000000000000, Narrow klass shift: 0, Narrow klass range: 0x0

GC Precious Log:
 CardTable entry size: 512
 Card Set container configuration: InlinePtr #cards 5 size 8 Array Of Cards #cards 12 size 40 Howl #buckets 4 coarsen threshold 1843 Howl Bitmap #cards 512 size 80 coarsen threshold 460 Card regions per heap region 1 cards per card region 2048

Heap:
 garbage-first heap   total 0K, used 0K [0x0000000081600000, 0x0000000100000000)
  region size 1024K, 0 young (0K), 0 survivors (0K)

[error occurred during error reporting (printing heap information), id 0xc0000005, EXCEPTION_ACCESS_VIOLATION (0xc0000005) at pc=0x00007ffc2d056959]

GC Heap History (0 events):
No events

Dll operation events (1 events):
Event: 0.017 Loaded shared library C:\Program Files\Java\jdk-19\bin\java.dll

Deoptimization events (0 events):
No events

Classes loaded (0 events):
No events

Classes unloaded (0 events):
No events

Classes redefined (0 events):
No events

Internal exceptions (0 events):
No events

VM Operations (0 events):
No events

Events (0 events):
No events


Dynamic libraries:
0x00007ff6d1c60000 - 0x00007ff6d1c70000 	C:\Program Files\Java\jdk-19\bin\javaw.exe
0x00007ffc8bdf0000 - 0x00007ffc8bfe8000 	C:\WINDOWS\SYSTEM32\ntdll.dll
0x00007ffc89fa0000 - 0x00007ffc8a05f000 	C:\WINDOWS\System32\KERNEL32.DLL
0x00007ffc894e0000 - 0x00007ffc897b2000 	C:\WINDOWS\System32\KERNELBASE.dll
0x00007ffc89d30000 - 0x00007ffc89e30000 	C:\WINDOWS\System32\ucrtbase.dll
0x00007ffc83860000 - 0x00007ffc83878000 	C:\Program Files\Java\jdk-19\bin\jli.dll
0x00007ffc8bca0000 - 0x00007ffc8bd4e000 	C:\WINDOWS\System32\ADVAPI32.dll
0x00007ffc8a060000 - 0x00007ffc8a0fe000 	C:\WINDOWS\System32\msvcrt.dll
0x00007ffc89f00000 - 0x00007ffc89f9c000 	C:\WINDOWS\System32\sechost.dll
0x00007ffc8a2b0000 - 0x00007ffc8a3d5000 	C:\WINDOWS\System32\RPCRT4.dll
0x00007ffc8af10000 - 0x00007ffc8b0b1000 	C:\WINDOWS\System32\USER32.dll
0x00007ffc89910000 - 0x00007ffc89932000 	C:\WINDOWS\System32\win32u.dll
0x00007ffc8bc10000 - 0x00007ffc8bc3b000 	C:\WINDOWS\System32\GDI32.dll
0x00007ffc899b0000 - 0x00007ffc89abf000 	C:\WINDOWS\System32\gdi32full.dll
0x00007ffc89870000 - 0x00007ffc8990d000 	C:\WINDOWS\System32\msvcp_win.dll
0x00007ffc82630000 - 0x00007ffc8264b000 	C:\Program Files\Java\jdk-19\bin\VCRUNTIME140.dll
0x00007ffc66af0000 - 0x00007ffc66d8a000 	C:\WINDOWS\WinSxS\amd64_microsoft.windows.common-controls_6595b64144ccf1df_6.0.19041.1110_none_60b5254171f9507e\COMCTL32.dll
0x00007ffc82360000 - 0x00007ffc8236a000 	C:\WINDOWS\SYSTEM32\VERSION.dll
0x00007ffc89e30000 - 0x00007ffc89e62000 	C:\WINDOWS\System32\IMM32.DLL
0x00007ffc831b0000 - 0x00007ffc831bc000 	C:\Program Files\Java\jdk-19\bin\vcruntime140_1.dll
0x00007ffc73610000 - 0x00007ffc7369e000 	C:\Program Files\Java\jdk-19\bin\msvcp140.dll
0x00007ffc2c910000 - 0x00007ffc2d5d0000 	C:\Program Files\Java\jdk-19\bin\server\jvm.dll
0x00007ffc87460000 - 0x00007ffc87469000 	C:\WINDOWS\SYSTEM32\WSOCK32.dll
0x00007ffc74060000 - 0x00007ffc74087000 	C:\WINDOWS\SYSTEM32\WINMM.dll
0x00007ffc8ab30000 - 0x00007ffc8ab9b000 	C:\WINDOWS\System32\WS2_32.dll
0x00007ffc87d80000 - 0x00007ffc87d92000 	C:\WINDOWS\SYSTEM32\kernel.appcore.dll
0x00007ffc826f0000 - 0x00007ffc826fa000 	C:\Program Files\Java\jdk-19\bin\jimage.dll
0x00007ffc87250000 - 0x00007ffc87434000 	C:\WINDOWS\SYSTEM32\DBGHELP.DLL
0x00007ffc7f6e0000 - 0x00007ffc7f715000 	C:\WINDOWS\SYSTEM32\dbgcore.DLL
0x00007ffc89c50000 - 0x00007ffc89cd2000 	C:\WINDOWS\System32\bcryptPrimitives.dll
0x00007ffc82100000 - 0x00007ffc82126000 	C:\Program Files\Java\jdk-19\bin\java.dll

dbghelp: loaded successfully - version: 4.0.5 - missing functions: none
symbol engine: initialized successfully - sym options: 0x614 - pdb path: .;C:\Program Files\Java\jdk-19\bin;C:\WINDOWS\SYSTEM32;C:\WINDOWS\WinSxS\amd64_microsoft.windows.common-controls_6595b64144ccf1df_6.0.19041.1110_none_60b5254171f9507e;C:\Program Files\Java\jdk-19\bin\server

VM Arguments:
jvm_args: -Dfile.encoding=MS949 --module-path=C:\Users\user\git\ezen_web_2023\backend\bin -XX:+ShowCodeDetailsInExceptionMessages -Djdk.module.main=backend 
java_command: backend/과제.과제04_MVC이해.Start
java_class_path (initial): <not set>
Launcher Type: SUN_STANDARD

[Global flags]
     intx CICompilerCount                          = 3                                         {product} {ergonomic}
     uint ConcGCThreads                            = 1                                         {product} {ergonomic}
     uint G1ConcRefinementThreads                  = 4                                         {product} {ergonomic}
   size_t G1HeapRegionSize                         = 1048576                                   {product} {ergonomic}
    uintx GCDrainStackTargetSize                   = 64                                        {product} {ergonomic}
   size_t InitialHeapSize                          = 134217728                                 {product} {ergonomic}
   size_t MarkStackSize                            = 4194304                                   {product} {ergonomic}
   size_t MaxHeapSize                              = 2124414976                                {product} {ergonomic}
   size_t MinHeapDeltaBytes                        = 1048576                                   {product} {ergonomic}
   size_t MinHeapSize                              = 8388608                                   {product} {ergonomic}
    uintx NonNMethodCodeHeapSize                   = 5832780                                {pd product} {ergonomic}
    uintx NonProfiledCodeHeapSize                  = 122912730                              {pd product} {ergonomic}
    uintx ProfiledCodeHeapSize                     = 122912730                              {pd product} {ergonomic}
    uintx ReservedCodeCacheSize                    = 251658240                              {pd product} {ergonomic}
     bool SegmentedCodeCache                       = true                                      {product} {ergonomic}
     bool ShowCodeDetailsInExceptionMessages       = true                                   {manageable} {command line}
   size_t SoftMaxHeapSize                          = 2124414976                             {manageable} {ergonomic}
     bool UseCompressedClassPointers               = true                           {product lp64_product} {ergonomic}
     bool UseCompressedOops                        = true                           {product lp64_product} {ergonomic}
     bool UseG1GC                                  = true                                      {product} {ergonomic}
     bool UseLargePagesIndividualAllocation        = false                                  {pd product} {ergonomic}

Logging:
Log output configuration:
 #0: stdout all=warning uptime,level,tags foldmultilines=false
 #1: stderr all=off uptime,level,tags foldmultilines=false

Environment Variables:
PATH=C:\Program Files\Common Files\Oracle\Java\javapath;C:\Program Files (x86)\Intel\Intel(R) Management Engine Components\iCLS\;C:\Program Files\Intel\Intel(R) Management Engine Components\iCLS\;C:\WINDOWS\system32;C:\WINDOWS;C:\WINDOWS\System32\Wbem;C:\WINDOWS\System32\WindowsPowerShell\v1.0\;C:\WINDOWS\System32\OpenSSH\;C:\Program Files\Intel\WiFi\bin\;C:\Program Files\Common Files\Intel\WirelessCommon\;C:\Program Files (x86)\Intel\Intel(R) Management Engine Components\DAL;C:\Program Files\Intel\Intel(R) Management Engine Components\DAL;C:\Program Files (x86)\Intel\Intel(R) Management Engine Components\IPT;C:\Program Files\Intel\Intel(R) Management Engine Components\IPT;C:\Program Files (x86)\Windows Kits\8.0\Windows Performance Toolkit\;c:\Program Files (x86)\Microsoft SQL Server\110\Tools\Binn\;c:\Program Files (x86)\Microsoft SQL Server\110\DTS\Binn\;C:\Program Files\dotnet\;C:\Program Files\Git\cmd;C:\Users\user\AppData\Local\Microsoft\WindowsApps;C:\ProgramData\user\atom\bin;C:\Users\user\AppData\Local\atom\bin;C:\Program Files\Java\jdk-19\bin;;C:\Users\user\AppData\Local\JetBrains\IntelliJ IDEA Community Edition 2022.3\bin;;C:\Program Files (x86)\ESTsoft\ALSee\x64
USERNAME=user
OS=Windows_NT
PROCESSOR_IDENTIFIER=Intel64 Family 6 Model 142 Stepping 9, GenuineIntel
TMP=C:\Users\user\AppData\Local\Temp
TEMP=C:\Users\user\AppData\Local\Temp



---------------  S Y S T E M  ---------------

OS:
 Windows 10 , 64 bit Build 19041 (10.0.19041.2364)
OS uptime: 10 days 17:54 hours

CPU: total 4 (initial active 4) (2 cores per cpu, 2 threads per core) family 6 model 142 stepping 9 microcode 0xb4, cx8, cmov, fxsr, ht, mmx, 3dnowpref, sse, sse2, sse3, ssse3, sse4.1, sse4.2, popcnt, lzcnt, tsc, tscinvbit, avx, avx2, aes, erms, clmul, bmi1, bmi2, adx, fma, vzeroupper, clflush, clflushopt, rdtscp

Memory: 4k page, system-wide physical 8102M (1744M free)
TotalPageFile size 19895M (AvailPageFile size 33M)
current process WorkingSet (physical memory assigned to process): 10M, peak: 10M
current process commit charge ("private bytes"): 52M, peak: 180M

vm_info: Java HotSpot(TM) 64-Bit Server VM (19.0.1+10-21) for windows-amd64 JRE (19.0.1+10-21), built on 2022-09-14T12:45:06Z by "mach5one" with MS VC++ 17.1 (VS2022)

END.
